<?xml version="1.0" encoding="UTF-8"?>
<testsuite xmlns:xsi="http://www.w3.org/2001/XMLSchema-instance" xsi:noNamespaceSchemaLocation="https://maven.apache.org/surefire/maven-failsafe-plugin/xsd/failsafe-test-report-3.0.xsd" version="3.0" name="User #2" time="4.362" tests="6" errors="0" skipped="0" failures="0">
  <properties>
[...]
</properties>
  <testcase name="GET Negative Case - As admin user have be able to get list user, but can&apos;t be access" classname="User #2" time="0.715">
    <system-out><![CDATA[

11
 Scenarios (
&amp#27;[32m11 passed&amp#27;[0m
)

40
 Steps (
&amp#27;[32m40 passed&amp#27;[0m
)

0m
11.199s





20:42:12.139 [pool-2-thread-1] DEBUG net.thucydides.core.reports.ReportService - Reporting formats: [JSON, HTML]

20:42:12.208 [pool-2-thread-1] DEBUG net.thucydides.core.reports.ReportService - Reporting formats: [JSON, HTML]

20:42:12.222 [pool-2-thread-1] DEBUG net.thucydides.core.reports.ReportService - Generating reports for 10 test outcomes using: net.thucydides.core.reports.json.JSONTestOutcomeReporter@461e0261

20:42:12.223 [pool-2-thread-1] DEBUG net.thucydides.core.reports.ReportService - Processing test outcome User:GET - As admin I have be able to get detail user

20:42:12.223 [pool-2-thread-3] DEBUG net.thucydides.core.reports.ReportService - Processing test outcome User:POST - As admin I have be able to create new user

20:42:12.223 [pool-2-thread-4] DEBUG net.thucydides.core.reports.ReportService - Processing test outcome User:PUT - As admin i have be able to update existing user

20:42:12.223 [pool-2-thread-2] DEBUG net.thucydides.core.reports.ReportService - Processing test outcome User:GET - As admin I have be able to get list user

20:42:12.223 [pool-2-thread-1] INFO net.thucydides.core.reports.ReportService - net.thucydides.core.reports.json.JSONTestOutcomeReporter@461e0261: Generating report for test outcome: User:GET - As admin I have be able to get detail user

20:42:12.223 [pool-2-thread-3] INFO net.thucydides.core.reports.ReportService - net.thucydides.core.reports.json.JSONTestOutcomeReporter@461e0261: Generating report for test outcome: User:POST - As admin I have be able to create new user

20:42:12.223 [pool-2-thread-6] DEBUG net.thucydides.core.reports.ReportService - Processing test outcome User:GET Negative Case - As admin user have be able to get list user, but can't be access

20:42:12.223 [pool-2-thread-5] DEBUG net.thucydides.core.reports.ReportService - Processing test outcome User:DELETE - As admin i have be able to delete existing user

20:42:12.223 [pool-2-thread-4] INFO net.thucydides.core.reports.ReportService - net.thucydides.core.reports.json.JSONTestOutcomeReporter@461e0261: Generating report for test outcome: User:PUT - As admin i have be able to update existing user

20:42:12.223 [pool-2-thread-2] INFO net.thucydides.core.reports.ReportService - net.thucydides.core.reports.json.JSONTestOutcomeReporter@461e0261: Generating report for test outcome: User:GET - As admin I have be able to get list user

20:42:12.224 [pool-2-thread-6] INFO net.thucydides.core.reports.ReportService - net.thucydides.core.reports.json.JSONTestOutcomeReporter@461e0261: Generating report for test outcome: User:GET Negative Case - As admin user have be able to get list user, but can't be access

20:42:12.224 [pool-2-thread-7] DEBUG net.thucydides.core.reports.ReportService - Processing test outcome User:Get Negative Case - As admin user have be able to get detail user, but can't be access

20:42:12.224 [pool-2-thread-5] INFO net.thucydides.core.reports.ReportService - net.thucydides.core.reports.json.JSONTestOutcomeReporter@461e0261: Generating report for test outcome: User:DELETE - As admin i have be able to delete existing user

20:42:12.224 [pool-2-thread-9] DEBUG net.thucydides.core.reports.ReportService - Processing test outcome User:Put Negative Case - As admin user have be able to update put user with id not found, shouldn't be access

20:42:12.224 [pool-2-thread-9] INFO net.thucydides.core.reports.ReportService - net.thucydides.core.reports.json.JSONTestOutcomeReporter@461e0261: Generating report for test outcome: User:Put Negative Case - As admin user have be able to update put user with id not found, shouldn't be access

20:42:12.224 [pool-2-thread-8] DEBUG net.thucydides.core.reports.ReportService - Processing test outcome User:Post Negative Case - As admin user have be able to submit post user with url invalid, shouldn't be access

20:42:12.224 [pool-2-thread-7] INFO net.thucydides.core.reports.ReportService - net.thucydides.core.reports.json.JSONTestOutcomeReporter@461e0261: Generating report for test outcome: User:Get Negative Case - As admin user have be able to get detail user, but can't be access

20:42:12.224 [pool-2-thread-10] DEBUG net.thucydides.core.reports.ReportService - Processing test outcome User:Delete Negative Case - As admin user have be able to delete user with with url invalid, shouldn't be access

20:42:12.224 [pool-2-thread-8] INFO net.thucydides.core.reports.ReportService - net.thucydides.core.reports.json.JSONTestOutcomeReporter@461e0261: Generating report for test outcome: User:Post Negative Case - As admin user have be able to submit post user with url invalid, shouldn't be access

20:42:12.225 [pool-2-thread-10] INFO net.thucydides.core.reports.ReportService - net.thucydides.core.reports.json.JSONTestOutcomeReporter@461e0261: Generating report for test outcome: User:Delete Negative Case - As admin user have be able to delete user with with url invalid, shouldn't be access

20:42:12.234 [pool-2-thread-1] DEBUG net.thucydides.core.reports.json.JSONTestOutcomeReporter - Generating JSON report for GET - As admin I have be able to get detail user to file /Users/jasmine/Downloads/alterra-restAssured/target/site/serenity/8c9bde6d0dbc4dadc4e5510aeaf6c435d15acae6bd58afcfbce04fb52b357cc6.json (using temp file /Users/jasmine/Downloads/alterra-restAssured/target/site/serenity/8c9bde6d0dbc4dadc4e5510aeaf6c435d15acae6bd58afcfbce04fb52b357cc6.jsoncd3d5d7d-1993-473c-ac78-c72fa26a617a)

20:42:12.234 [pool-2-thread-10] DEBUG net.thucydides.core.reports.json.JSONTestOutcomeReporter - Generating JSON report for Delete Negative Case - As admin user have be able to delete user with with url invalid, shouldn't be access to file /Users/jasmine/Downloads/alterra-restAssured/target/site/serenity/7e470ea6687403de6623d2787d395681e9493e680cbb9bf1cc3c6aeec4d41e68.json (using temp file /Users/jasmine/Downloads/alterra-restAssured/target/site/serenity/7e470ea6687403de6623d2787d395681e9493e680cbb9bf1cc3c6aeec4d41e68.json005ea7c5-3657-4a05-b6e8-89d671b7a1ee)

20:42:12.234 [pool-2-thread-6] DEBUG net.thucydides.core.reports.json.JSONTestOutcomeReporter - Generating JSON report for GET Negative Case - As admin user have be able to get list user, but can't be access to file /Users/jasmine/Downloads/alterra-restAssured/target/site/serenity/a4877674256890b255f5baed1c18c1a7466061399b5d3d0a316af50835e903fa.json (using temp file /Users/jasmine/Downloads/alterra-restAssured/target/site/serenity/a4877674256890b255f5baed1c18c1a7466061399b5d3d0a316af50835e903fa.json42f29ff0-0280-48ee-9061-97b0f8627665)

20:42:12.234 [pool-2-thread-5] DEBUG net.thucydides.core.reports.json.JSONTestOutcomeReporter - Generating JSON report for DELETE - As admin i have be able to delete existing user to file /Users/jasmine/Downloads/alterra-restAssured/target/site/serenity/235a6186869cd19f19f97f33acc4f227ad47fdb2295409780ee28940954202ad.json (using temp file /Users/jasmine/Downloads/alterra-restAssured/target/site/serenity/235a6186869cd19f19f97f33acc4f227ad47fdb2295409780ee28940954202ad.jsonb8f7d8a6-f74a-479e-930f-60d8b7dcfbab)

20:42:12.234 [pool-2-thread-7] DEBUG net.thucydides.core.reports.json.JSONTestOutcomeReporter - Generating JSON report for Get Negative Case - As admin user have be able to get detail user, but can't be access to file /Users/jasmine/Downloads/alterra-restAssured/target/site/serenity/2cccc885ed72ffc87d23136d6bfb6964b77086c451acf31050177695d5d8967f.json (using temp file /Users/jasmine/Downloads/alterra-restAssured/target/site/serenity/2cccc885ed72ffc87d23136d6bfb6964b77086c451acf31050177695d5d8967f.jsond1c660b9-85ee-40e8-80db-68239cf1dbbd)

20:42:12.234 [pool-2-thread-8] DEBUG net.thucydides.core.reports.json.JSONTestOutcomeReporter - Generating JSON report for Post Negative Case - As admin user have be able to submit post user with url invalid, shouldn't be access to file /Users/jasmine/Downloads/alterra-restAssured/target/site/serenity/014eca3a9708e2cf140ebc1460de1a64975808e81671fab8cc48414f10aa3116.json (using temp file /Users/jasmine/Downloads/alterra-restAssured/target/site/serenity/014eca3a9708e2cf140ebc1460de1a64975808e81671fab8cc48414f10aa3116.json6ed25942-9ffc-498b-a925-5719e31f38f6)

20:42:12.234 [pool-2-thread-4] DEBUG net.thucydides.core.reports.json.JSONTestOutcomeReporter - Generating JSON report for PUT - As admin i have be able to update existing user to file /Users/jasmine/Downloads/alterra-restAssured/target/site/serenity/a857aa067fbface075b009a4467332d49e5264a230119cd37ba15ea4f4a9ad35.json (using temp file /Users/jasmine/Downloads/alterra-restAssured/target/site/serenity/a857aa067fbface075b009a4467332d49e5264a230119cd37ba15ea4f4a9ad35.jsonfe92b473-e5da-4fcf-bd08-5bc20290a0c0)

20:42:12.235 [pool-2-thread-9] DEBUG net.thucydides.core.reports.json.JSONTestOutcomeReporter - Generating JSON report for Put Negative Case - As admin user have be able to update put user with id not found, shouldn't be access to file /Users/jasmine/Downloads/alterra-restAssured/target/site/serenity/6913d7677bcce94e610d3c19ae53b630e8917a20fa0e27a1e10fd357129a487c.json (using temp file /Users/jasmine/Downloads/alterra-restAssured/target/site/serenity/6913d7677bcce94e610d3c19ae53b630e8917a20fa0e27a1e10fd357129a487c.jsonb9086f7f-8818-48fd-9715-488c7698f33f)

20:42:12.235 [pool-2-thread-2] DEBUG net.thucydides.core.reports.json.JSONTestOutcomeReporter - Generating JSON report for GET - As admin I have be able to get list user to file /Users/jasmine/Downloads/alterra-restAssured/target/site/serenity/ea8c4d599280758bd9353d9b1a9bcd7b1400497a7af18e729f0004108665bfbe.json (using temp file /Users/jasmine/Downloads/alterra-restAssured/target/site/serenity/ea8c4d599280758bd9353d9b1a9bcd7b1400497a7af18e729f0004108665bfbe.json50c4ab4a-7e2e-4a34-aec4-31a25330a656)

20:42:12.235 [pool-2-thread-3] DEBUG net.thucydides.core.reports.json.JSONTestOutcomeReporter - Generating JSON report for POST - As admin I have be able to create new user to file /Users/jasmine/Downloads/alterra-restAssured/target/site/serenity/ca3b49574a0e8709a8b22cd67d18c629b8cbaaa3411cf6c59dd8c6fec0bb15f6.json (using temp file /Users/jasmine/Downloads/alterra-restAssured/target/site/serenity/ca3b49574a0e8709a8b22cd67d18c629b8cbaaa3411cf6c59dd8c6fec0bb15f6.json97095a05-a34b-4dd7-83cf-069658693ac8)

20:42:12.286 [pool-2-thread-10] DEBUG net.thucydides.core.reports.ReportService - Processing test outcome User:Delete Negative Case - As admin user have be able to delete user with with url invalid, shouldn't be access done

20:42:12.286 [pool-2-thread-7] DEBUG net.thucydides.core.reports.ReportService - Processing test outcome User:Get Negative Case - As admin user have be able to get detail user, but can't be access done

20:42:12.286 [pool-2-thread-8] DEBUG net.thucydides.core.reports.ReportService - Processing test outcome User:Post Negative Case - As admin user have be able to submit post user with url invalid, shouldn't be access done

20:42:12.287 [pool-2-thread-1] DEBUG net.thucydides.core.reports.ReportService - Processing test outcome User:GET - As admin I have be able to get detail user done

20:42:12.287 [pool-2-thread-3] DEBUG net.thucydides.core.reports.ReportService - Processing test outcome User:POST - As admin I have be able to create new user done

20:42:12.288 [pool-2-thread-9] DEBUG net.thucydides.core.reports.ReportService - Processing test outcome User:Put Negative Case - As admin user have be able to update put user with id not found, shouldn't be access done

20:42:12.288 [pool-2-thread-5] DEBUG net.thucydides.core.reports.ReportService - Processing test outcome User:DELETE - As admin i have be able to delete existing user done

20:42:12.289 [pool-2-thread-4] DEBUG net.thucydides.core.reports.ReportService - Processing test outcome User:PUT - As admin i have be able to update existing user done

20:42:12.289 [pool-2-thread-6] DEBUG net.thucydides.core.reports.ReportService - Processing test outcome User:GET Negative Case - As admin user have be able to get list user, but can't be access done

20:42:12.291 [pool-2-thread-2] DEBUG net.thucydides.core.reports.ReportService - Processing test outcome User:GET - As admin I have be able to get list user done

20:42:12.292 [pool-2-thread-1] DEBUG net.thucydides.core.reports.ReportService - Shutting down executor service

20:42:12.292 [pool-2-thread-1] DEBUG net.thucydides.core.reports.ReportService - Reports generated in: 70 ms

20:42:12.292 [pool-2-thread-1] DEBUG net.thucydides.core.reports.ReportService - Generating reports for 10 test outcomes using: net.thucydides.core.reports.html.HtmlAcceptanceTestReporter@8df3dfc

20:42:12.292 [pool-3-thread-1] DEBUG net.thucydides.core.reports.ReportService - Processing test outcome User:GET - As admin I have be able to get detail user

20:42:12.292 [pool-3-thread-1] INFO net.thucydides.core.reports.ReportService - net.thucydides.core.reports.html.HtmlAcceptanceTestReporter@8df3dfc: Generating report for test outcome: User:GET - As admin I have be able to get detail user

20:42:12.292 [pool-3-thread-2] DEBUG net.thucydides.core.reports.ReportService - Processing test outcome User:GET - As admin I have be able to get list user

20:42:12.292 [pool-3-thread-2] INFO net.thucydides.core.reports.ReportService - net.thucydides.core.reports.html.HtmlAcceptanceTestReporter@8df3dfc: Generating report for test outcome: User:GET - As admin I have be able to get list user

20:42:12.292 [pool-3-thread-3] DEBUG net.thucydides.core.reports.ReportService - Processing test outcome User:POST - As admin I have be able to create new user

20:42:12.292 [pool-3-thread-3] INFO net.thucydides.core.reports.ReportService - net.thucydides.core.reports.html.HtmlAcceptanceTestReporter@8df3dfc: Generating report for test outcome: User:POST - As admin I have be able to create new user

20:42:12.293 [pool-3-thread-4] DEBUG net.thucydides.core.reports.ReportService - Processing test outcome User:PUT - As admin i have be able to update existing user

20:42:12.293 [pool-3-thread-5] DEBUG net.thucydides.core.reports.ReportService - Processing test outcome User:DELETE - As admin i have be able to delete existing user

20:42:12.293 [pool-3-thread-4] INFO net.thucydides.core.reports.ReportService - net.thucydides.core.reports.html.HtmlAcceptanceTestReporter@8df3dfc: Generating report for test outcome: User:PUT - As admin i have be able to update existing user

20:42:12.293 [pool-3-thread-5] INFO net.thucydides.core.reports.ReportService - net.thucydides.core.reports.html.HtmlAcceptanceTestReporter@8df3dfc: Generating report for test outcome: User:DELETE - As admin i have be able to delete existing user

20:42:12.293 [pool-3-thread-6] DEBUG net.thucydides.core.reports.ReportService - Processing test outcome User:GET Negative Case - As admin user have be able to get list user, but can't be access

20:42:12.293 [pool-3-thread-6] INFO net.thucydides.core.reports.ReportService - net.thucydides.core.reports.html.HtmlAcceptanceTestReporter@8df3dfc: Generating report for test outcome: User:GET Negative Case - As admin user have be able to get list user, but can't be access

20:42:12.293 [pool-3-thread-7] DEBUG net.thucydides.core.reports.ReportService - Processing test outcome User:Get Negative Case - As admin user have be able to get detail user, but can't be access

20:42:12.293 [pool-3-thread-7] INFO net.thucydides.core.reports.ReportService - net.thucydides.core.reports.html.HtmlAcceptanceTestReporter@8df3dfc: Generating report for test outcome: User:Get Negative Case - As admin user have be able to get detail user, but can't be access

20:42:12.293 [pool-3-thread-8] DEBUG net.thucydides.core.reports.ReportService - Processing test outcome User:Post Negative Case - As admin user have be able to submit post user with url invalid, shouldn't be access

20:42:12.293 [pool-3-thread-8] INFO net.thucydides.core.reports.ReportService - net.thucydides.core.reports.html.HtmlAcceptanceTestReporter@8df3dfc: Generating report for test outcome: User:Post Negative Case - As admin user have be able to submit post user with url invalid, shouldn't be access

20:42:12.294 [pool-3-thread-9] DEBUG net.thucydides.core.reports.ReportService - Processing test outcome User:Put Negative Case - As admin user have be able to update put user with id not found, shouldn't be access

20:42:12.294 [pool-3-thread-9] INFO net.thucydides.core.reports.ReportService - net.thucydides.core.reports.html.HtmlAcceptanceTestReporter@8df3dfc: Generating report for test outcome: User:Put Negative Case - As admin user have be able to update put user with id not found, shouldn't be access

20:42:12.294 [pool-3-thread-10] DEBUG net.thucydides.core.reports.ReportService - Processing test outcome User:Delete Negative Case - As admin user have be able to delete user with with url invalid, shouldn't be access

20:42:12.294 [pool-3-thread-10] INFO net.thucydides.core.reports.ReportService - net.thucydides.core.reports.html.HtmlAcceptanceTestReporter@8df3dfc: Generating report for test outcome: User:Delete Negative Case - As admin user have be able to delete user with with url invalid, shouldn't be access

20:42:12.406 [pool-3-thread-2] DEBUG serenity.reporting - Generating report in ea8c4d599280758bd9353d9b1a9bcd7b1400497a7af18e729f0004108665bfbe.html

20:42:12.406 [pool-3-thread-3] DEBUG serenity.reporting - Generating report in ca3b49574a0e8709a8b22cd67d18c629b8cbaaa3411cf6c59dd8c6fec0bb15f6.html

20:42:12.406 [pool-3-thread-6] DEBUG serenity.reporting - Generating report in a4877674256890b255f5baed1c18c1a7466061399b5d3d0a316af50835e903fa.html

20:42:12.809 [pool-3-thread-3] DEBUG serenity.reporting - Generated report ca3b49574a0e8709a8b22cd67d18c629b8cbaaa3411cf6c59dd8c6fec0bb15f6.html in 403 ms

20:42:12.809 [pool-3-thread-6] DEBUG serenity.reporting - Generated report a4877674256890b255f5baed1c18c1a7466061399b5d3d0a316af50835e903fa.html in 403 ms

20:42:12.809 [pool-3-thread-3] DEBUG net.thucydides.core.reports.ReportService - Processing test outcome User:POST - As admin I have be able to create new user done

20:42:12.809 [pool-3-thread-6] DEBUG net.thucydides.core.reports.ReportService - Processing test outcome User:GET Negative Case - As admin user have be able to get list user, but can't be access done

20:42:12.816 [pool-3-thread-2] DEBUG serenity.reporting - Generated report ea8c4d599280758bd9353d9b1a9bcd7b1400497a7af18e729f0004108665bfbe.html in 410 ms

20:42:12.816 [pool-3-thread-2] DEBUG net.thucydides.core.reports.ReportService - Processing test outcome User:GET - As admin I have be able to get list user done

20:42:12.902 [pool-3-thread-10] DEBUG serenity.reporting - Generating report in 7e470ea6687403de6623d2787d395681e9493e680cbb9bf1cc3c6aeec4d41e68.html

20:42:12.902 [pool-3-thread-4] DEBUG serenity.reporting - Generating report in a857aa067fbface075b009a4467332d49e5264a230119cd37ba15ea4f4a9ad35.html

20:42:12.902 [pool-3-thread-8] DEBUG serenity.reporting - Generating report in 014eca3a9708e2cf140ebc1460de1a64975808e81671fab8cc48414f10aa3116.html

20:42:12.902 [pool-3-thread-7] DEBUG serenity.reporting - Generating report in 2cccc885ed72ffc87d23136d6bfb6964b77086c451acf31050177695d5d8967f.html

20:42:12.902 [pool-3-thread-5] DEBUG serenity.reporting - Generating report in 235a6186869cd19f19f97f33acc4f227ad47fdb2295409780ee28940954202ad.html

20:42:12.902 [pool-3-thread-9] DEBUG serenity.reporting - Generating report in 6913d7677bcce94e610d3c19ae53b630e8917a20fa0e27a1e10fd357129a487c.html

20:42:12.902 [pool-3-thread-1] DEBUG serenity.reporting - Generating report in 8c9bde6d0dbc4dadc4e5510aeaf6c435d15acae6bd58afcfbce04fb52b357cc6.html

20:42:12.914 [pool-3-thread-5] DEBUG serenity.reporting - Generated report 235a6186869cd19f19f97f33acc4f227ad47fdb2295409780ee28940954202ad.html in 12 ms

20:42:12.914 [pool-3-thread-5] DEBUG net.thucydides.core.reports.ReportService - Processing test outcome User:DELETE - As admin i have be able to delete existing user done

20:42:12.915 [pool-3-thread-1] DEBUG serenity.reporting - Generated report 8c9bde6d0dbc4dadc4e5510aeaf6c435d15acae6bd58afcfbce04fb52b357cc6.html in 13 ms

20:42:12.916 [pool-3-thread-1] DEBUG net.thucydides.core.reports.ReportService - Processing test outcome User:GET - As admin I have be able to get detail user done

20:42:12.916 [pool-3-thread-4] DEBUG serenity.reporting - Generated report a857aa067fbface075b009a4467332d49e5264a230119cd37ba15ea4f4a9ad35.html in 14 ms

20:42:12.916 [pool-3-thread-4] DEBUG net.thucydides.core.reports.ReportService - Processing test outcome User:PUT - As admin i have be able to update existing user done

20:42:12.916 [pool-3-thread-10] DEBUG serenity.reporting - Generated report 7e470ea6687403de6623d2787d395681e9493e680cbb9bf1cc3c6aeec4d41e68.html in 14 ms

20:42:12.916 [pool-3-thread-10] DEBUG net.thucydides.core.reports.ReportService - Processing test outcome User:Delete Negative Case - As admin user have be able to delete user with with url invalid, shouldn't be access done

20:42:12.916 [pool-3-thread-8] DEBUG serenity.reporting - Generated report 014eca3a9708e2cf140ebc1460de1a64975808e81671fab8cc48414f10aa3116.html in 14 ms

20:42:12.917 [pool-3-thread-8] DEBUG net.thucydides.core.reports.ReportService - Processing test outcome User:Post Negative Case - As admin user have be able to submit post user with url invalid, shouldn't be access done

20:42:12.917 [pool-3-thread-7] DEBUG serenity.reporting - Generated report 2cccc885ed72ffc87d23136d6bfb6964b77086c451acf31050177695d5d8967f.html in 15 ms

20:42:12.917 [pool-3-thread-7] DEBUG net.thucydides.core.reports.ReportService - Processing test outcome User:Get Negative Case - As admin user have be able to get detail user, but can't be access done

20:42:12.920 [pool-3-thread-9] DEBUG serenity.reporting - Generated report 6913d7677bcce94e610d3c19ae53b630e8917a20fa0e27a1e10fd357129a487c.html in 18 ms

20:42:12.920 [pool-3-thread-9] DEBUG net.thucydides.core.reports.ReportService - Processing test outcome User:Put Negative Case - As admin user have be able to update put user with id not found, shouldn't be access done

20:42:12.920 [pool-2-thread-1] DEBUG net.thucydides.core.reports.ReportService - Shutting down executor service

20:42:12.920 [pool-2-thread-1] DEBUG net.thucydides.core.reports.ReportService - Reports generated in: 628 ms

20:42:13.074 [pool-2-thread-1] INFO io.cucumber.core.plugin.SerenityReporter - Cleanup test resources for URI file:///Users/jasmine/Downloads/alterra-restAssured/src/test/resources/api/User.feature

20:42:13.076 [pool-2-thread-1] INFO io.cucumber.core.plugin.SerenityReporter - Cleanup test resources for URI file:///Users/jasmine/Downloads/alterra-restAssured/src/test/resources/api/user-failed.feature


Scenario: GET Negative Case - As admin user have be able to get list user, but can't be access &amp#27;[90m# src/test/resources/api/user-failed.feature:6&amp#27;[0m
20:42:07.786 [pool-2-thread-1] INFO io.cucumber.core.plugin.SerenityReporter - Running feature from file:///Users/jasmine/Downloads/alterra-restAssured/src/test/resources/api/user-failed.feature
20:42:07.786 [pool-2-thread-1] WARN io.cucumber.core.plugin.SerenityReporter - Feature from file:///Users/jasmine/Downloads/alterra-restAssured/src/test/resources/api/user-failed.feature is not under the 'features' directory. Requirements report will not be correctly generated!
20:42:07.788 [pool-2-thread-1] INFO  - 
  _____   ___   ___   _____     ___   _____     _     ___   _____   ___   ___  
 |_   _| | __| / __| |_   _|   / __| |_   _|   /_\   | _ \ |_   _| | __| |   \ 
   | |   | _|  \__ \   | |     \__ \   | |    / _ \  |   /   | |   | _|  | |) |
   |_|   |___| |___/   |_|     |___/   |_|   /_/ \_\ |_|_\   |_|   |___| |___/ 

GET Negative Case - As admin user have be able to get list user, but can't be access(user;get-negative-case---as-admin-user-have-be-able-to-get-list-user--but-can-t-be-access)
--------------------------------------------------------------------------------
20:42:07.830 [pool-2-thread-1] DEBUG net.thucydides.core.steps.StepInterceptor - STARTING STEP: UserStepsFailed.setGetEndpointsFailed - user set GET endpoints failed
20:42:07.830 [pool-2-thread-1] DEBUG net.thucydides.core.steps.StepInterceptor - STEP DONE: user set GET endpoints failed
  &amp#27;[32mGiven &amp#27;[0m&amp#27;[32muser set GET endpoints failed&amp#27;[0m                                                          &amp#27;[90m# starter.stepdefinitions.UserStepsFailed.setGetEndpointsFailed()&amp#27;[0m
20:42:07.837 [pool-2-thread-1] DEBUG net.thucydides.core.steps.StepInterceptor - STARTING STEP: UserStepsFailed.getHttpRequestFailed - user send GET HTTP request
20:42:07.840 [pool-2-thread-1] DEBUG net.thucydides.core.steps.StepInterceptor - STARTING STEP: GetFailed.getHttpRequestFailed - user set GET endpoints failed
20:42:07.841 [pool-2-thread-1] DEBUG net.thucydides.core.steps.StepInterceptor - STEP DONE: user set GET endpoints failed
20:42:08.479 [pool-2-thread-1] DEBUG net.thucydides.core.steps.StepInterceptor - STEP DONE: user send GET HTTP request
  &amp#27;[32mWhen &amp#27;[0m&amp#27;[32muser send GET HTTP request&amp#27;[0m                                                              &amp#27;[90m# starter.stepdefinitions.UserStepsFailed.getHttpRequestFailed()&amp#27;[0m
20:42:08.482 [pool-2-thread-1] DEBUG net.thucydides.core.steps.StepInterceptor - STARTING STEP: UserStepsFailed.HTTPresponse404 - user receive valid HTTP response code 404
20:42:08.483 [pool-2-thread-1] DEBUG net.thucydides.core.steps.StepInterceptor - STEP DONE: user receive valid HTTP response code 404
  &amp#27;[32mThen &amp#27;[0m&amp#27;[32muser receive valid HTTP response code 404&amp#27;[0m                                               &amp#27;[90m# starter.stepdefinitions.UserStepsFailed.HTTPresponse404()&amp#27;[0m
20:42:08.485 [pool-2-thread-1] DEBUG net.thucydides.core.steps.StepInterceptor - STARTING STEP: UserStepsFailed.invalidData - user receive invalid data
net.serenitybdd.rest.decorators.ResponseDecorated@6a41727a
20:42:08.485 [pool-2-thread-1] DEBUG net.thucydides.core.steps.StepInterceptor - STEP DONE: user receive invalid data
  &amp#27;[32mAnd &amp#27;[0m&amp#27;[32muser receive invalid data&amp#27;[0m                                                                &amp#27;[90m# starter.stepdefinitions.UserStepsFailed.invalidData()&amp#27;[0m
20:42:08.487 [pool-2-thread-1] INFO  - 
  _____   ___   ___   _____     ___     _     ___   ___   ___   ___  
 |_   _| | __| / __| |_   _|   | _ \   /_\   / __| / __| | __| |   \ 
   | |   | _|  \__ \   | |     |  _/  / _ \  \__ \ \__ \ | _|  | |) |
   |_|   |___| |___/   |_|     |_|   /_/ \_\ |___/ |___/ |___| |___/ 

GET Negative Case - As admin user have be able to get list user, but can't be access
----------------------------------------------------------------------
]]></system-out>
  </testcase>
  <testcase name="Get Negative Case - As admin user have be able to get detail user, but can&apos;t be access" classname="User #2" time="0.671">
    <system-out><![CDATA[
Scenario: Get Negative Case - As admin user have be able to get detail user, but can't be access &amp#27;[90m# src/test/resources/api/user-failed.feature:12&amp#27;[0m
20:42:08.491 [pool-2-thread-1] INFO io.cucumber.core.plugin.SerenityReporter - Running feature from file:///Users/jasmine/Downloads/alterra-restAssured/src/test/resources/api/user-failed.feature
20:42:08.491 [pool-2-thread-1] WARN io.cucumber.core.plugin.SerenityReporter - Feature from file:///Users/jasmine/Downloads/alterra-restAssured/src/test/resources/api/user-failed.feature is not under the 'features' directory. Requirements report will not be correctly generated!
20:42:08.492 [pool-2-thread-1] INFO  - 
  _____   ___   ___   _____     ___   _____     _     ___   _____   ___   ___  
 |_   _| | __| / __| |_   _|   / __| |_   _|   /_\   | _ \ |_   _| | __| |   \ 
   | |   | _|  \__ \   | |     \__ \   | |    / _ \  |   /   | |   | _|  | |) |
   |_|   |___| |___/   |_|     |___/   |_|   /_/ \_\ |_|_\   |_|   |___| |___/ 

Get Negative Case - As admin user have be able to get detail user, but can't be access(user;get-negative-case---as-admin-user-have-be-able-to-get-detail-user--but-can-t-be-access)
--------------------------------------------------------------------------------
20:42:08.501 [pool-2-thread-1] DEBUG net.thucydides.core.steps.StepInterceptor - STARTING STEP: UserStepsFailed.setGetDetailIDEndpoint - user set GET endpoints get data with id is failed
20:42:08.501 [pool-2-thread-1] DEBUG net.thucydides.core.steps.StepInterceptor - STEP DONE: user set GET endpoints get data with id is failed
  &amp#27;[32mGiven &amp#27;[0m&amp#27;[32muser set GET endpoints get data with id is failed&amp#27;[0m                                        &amp#27;[90m# starter.stepdefinitions.UserStepsFailed.setGetDetailIDEndpoint()&amp#27;[0m
20:42:08.504 [pool-2-thread-1] DEBUG net.thucydides.core.steps.StepInterceptor - STARTING STEP: UserStepsFailed.getHttpRequestDetailIDFailed - user send GET HTTP request is failed
20:42:08.505 [pool-2-thread-1] DEBUG net.thucydides.core.steps.StepInterceptor - STARTING STEP: GetFailedDetailID.getHttpDetailIdRequestFailed - user set GET endpoints get data with id is failed
20:42:08.506 [pool-2-thread-1] DEBUG net.thucydides.core.steps.StepInterceptor - STEP DONE: user set GET endpoints get data with id is failed
20:42:09.150 [pool-2-thread-1] DEBUG net.thucydides.core.steps.StepInterceptor - STEP DONE: user send GET HTTP request is failed
  &amp#27;[32mWhen &amp#27;[0m&amp#27;[32muser send GET HTTP request is failed&amp#27;[0m                                                      &amp#27;[90m# starter.stepdefinitions.UserStepsFailed.getHttpRequestDetailIDFailed()&amp#27;[0m
20:42:09.153 [pool-2-thread-1] DEBUG net.thucydides.core.steps.StepInterceptor - STARTING STEP: UserStepsFailed.HttpResponseDetailID404 - user receive valid HTTP response code 404 is failed
20:42:09.153 [pool-2-thread-1] DEBUG net.thucydides.core.steps.StepInterceptor - STEP DONE: user receive valid HTTP response code 404 is failed
  &amp#27;[32mThen &amp#27;[0m&amp#27;[32muser receive valid HTTP response code 404 is failed&amp#27;[0m                                       &amp#27;[90m# starter.stepdefinitions.UserStepsFailed.HttpResponseDetailID404()&amp#27;[0m
20:42:09.155 [pool-2-thread-1] DEBUG net.thucydides.core.steps.StepInterceptor - STARTING STEP: UserStepsFailed.invalidDataGetDetail - user receive invalid data is failed
net.serenitybdd.rest.decorators.ResponseDecorated@68b3762e
20:42:09.156 [pool-2-thread-1] DEBUG net.thucydides.core.steps.StepInterceptor - STEP DONE: user receive invalid data is failed
  &amp#27;[32mAnd &amp#27;[0m&amp#27;[32muser receive invalid data is failed&amp#27;[0m                                                        &amp#27;[90m# starter.stepdefinitions.UserStepsFailed.invalidDataGetDetail()&amp#27;[0m
20:42:09.157 [pool-2-thread-1] INFO  - 
  _____   ___   ___   _____     ___     _     ___   ___   ___   ___  
 |_   _| | __| / __| |_   _|   | _ \   /_\   / __| / __| | __| |   \ 
   | |   | _|  \__ \   | |     |  _/  / _ \  \__ \ \__ \ | _|  | |) |
   |_|   |___| |___/   |_|     |_|   /_/ \_\ |___/ |___/ |___| |___/ 

Get Negative Case - As admin user have be able to get detail user, but can't be access
----------------------------------------------------------------------
]]></system-out>
  </testcase>
  <testcase name="Post Negative Case - As admin user have be able to submit post user with url invalid, shouldn&apos;t be access" classname="User #2" time="0.678">
    <system-out><![CDATA[
Scenario: Post Negative Case - As admin user have be able to submit post user with url invalid, shouldn't be access &amp#27;[90m# src/test/resources/api/user-failed.feature:18&amp#27;[0m
20:42:09.161 [pool-2-thread-1] INFO io.cucumber.core.plugin.SerenityReporter - Running feature from file:///Users/jasmine/Downloads/alterra-restAssured/src/test/resources/api/user-failed.feature
20:42:09.161 [pool-2-thread-1] WARN io.cucumber.core.plugin.SerenityReporter - Feature from file:///Users/jasmine/Downloads/alterra-restAssured/src/test/resources/api/user-failed.feature is not under the 'features' directory. Requirements report will not be correctly generated!
20:42:09.162 [pool-2-thread-1] INFO  - 
  _____   ___   ___   _____     ___   _____     _     ___   _____   ___   ___  
 |_   _| | __| / __| |_   _|   / __| |_   _|   /_\   | _ \ |_   _| | __| |   \ 
   | |   | _|  \__ \   | |     \__ \   | |    / _ \  |   /   | |   | _|  | |) |
   |_|   |___| |___/   |_|     |___/   |_|   /_/ \_\ |_|_\   |_|   |___| |___/ 

Post Negative Case - As admin user have be able to submit post user with url invalid, shouldn't be access(user;post-negative-case---as-admin-user-have-be-able-to-submit-post-user-with-url-invalid--shouldn-t-be-access)
--------------------------------------------------------------------------------
20:42:09.169 [pool-2-thread-1] DEBUG net.thucydides.core.steps.StepInterceptor - STARTING STEP: UserStepsFailed.setPostRequestInvalidUrl - user set POST endpoints invalid submit data is failed
20:42:09.170 [pool-2-thread-1] DEBUG net.thucydides.core.steps.StepInterceptor - STEP DONE: user set POST endpoints invalid submit data is failed
  &amp#27;[32mGiven &amp#27;[0m&amp#27;[32muser set POST endpoints invalid submit data is failed&amp#27;[0m                                                       &amp#27;[90m# starter.stepdefinitions.UserStepsFailed.setPostRequestInvalidUrl()&amp#27;[0m
20:42:09.172 [pool-2-thread-1] DEBUG net.thucydides.core.steps.StepInterceptor - STARTING STEP: UserStepsFailed.getHTTPRequestSubmitData - user send POST HTTP request submit data is failed
20:42:09.173 [pool-2-thread-1] DEBUG net.thucydides.core.steps.StepInterceptor - STARTING STEP: PostFailed.sendPostData - user set POST endpoints invalid submit data is failed
20:42:09.173 [pool-2-thread-1] DEBUG net.thucydides.core.steps.StepInterceptor - STEP DONE: user set POST endpoints invalid submit data is failed
20:42:09.802 [pool-2-thread-1] DEBUG net.thucydides.core.steps.StepInterceptor - STEP DONE: user send POST HTTP request submit data is failed
  &amp#27;[32mWhen &amp#27;[0m&amp#27;[32muser send POST HTTP request submit data is failed&amp#27;[0m                                                            &amp#27;[90m# starter.stepdefinitions.UserStepsFailed.getHTTPRequestSubmitData()&amp#27;[0m
20:42:09.805 [pool-2-thread-1] DEBUG net.thucydides.core.steps.StepInterceptor - STARTING STEP: UserStepsFailed.getHttprequestSubmitFailed - user receive valid data submit post HTTP response code 404 is failed
20:42:09.806 [pool-2-thread-1] DEBUG net.thucydides.core.steps.StepInterceptor - STEP DONE: user receive valid data submit post HTTP response code 404 is failed
  &amp#27;[32mThen &amp#27;[0m&amp#27;[32muser receive valid data submit post HTTP response code 404 is failed&amp#27;[0m                                         &amp#27;[90m# starter.stepdefinitions.UserStepsFailed.getHttprequestSubmitFailed()&amp#27;[0m
20:42:09.809 [pool-2-thread-1] DEBUG net.thucydides.core.steps.StepInterceptor - STARTING STEP: UserStepsFailed.responseBodyEmpty - user receive invalid response body is failed
20:42:09.833 [pool-2-thread-1] DEBUG net.thucydides.core.steps.StepInterceptor - STEP DONE: user receive invalid response body is failed
  &amp#27;[32mAnd &amp#27;[0m&amp#27;[32muser receive invalid response body should be failed&amp#27;[0m                                                           &amp#27;[90m# starter.stepdefinitions.UserStepsFailed.responseBodyEmpty()&amp#27;[0m
20:42:09.835 [pool-2-thread-1] INFO  - 
  _____   ___   ___   _____     ___     _     ___   ___   ___   ___  
 |_   _| | __| / __| |_   _|   | _ \   /_\   / __| / __| | __| |   \ 
   | |   | _|  \__ \   | |     |  _/  / _ \  \__ \ \__ \ | _|  | |) |
   |_|   |___| |___/   |_|     |_|   /_/ \_\ |___/ |___/ |___| |___/ 

Post Negative Case - As admin user have be able to submit post user with url invalid, shouldn't be access
----------------------------------------------------------------------
]]></system-out>
  </testcase>
  <testcase name="Put Negative Case - As admin user have be able to update put user with id not found, shouldn&apos;t be access #1" classname="User #2" time="0.955">
    <system-out><![CDATA[
Scenario: Put Negative Case - As admin user have be able to update put user with id not found, shouldn't be access &amp#27;[90m# src/test/resources/api/user-failed.feature:24&amp#27;[0m
20:42:09.840 [pool-2-thread-1] INFO io.cucumber.core.plugin.SerenityReporter - Running feature from file:///Users/jasmine/Downloads/alterra-restAssured/src/test/resources/api/user-failed.feature
20:42:09.840 [pool-2-thread-1] WARN io.cucumber.core.plugin.SerenityReporter - Feature from file:///Users/jasmine/Downloads/alterra-restAssured/src/test/resources/api/user-failed.feature is not under the 'features' directory. Requirements report will not be correctly generated!
20:42:09.842 [pool-2-thread-1] INFO  - 
  _____   ___   ___   _____     ___   _____     _     ___   _____   ___   ___  
 |_   _| | __| / __| |_   _|   / __| |_   _|   /_\   | _ \ |_   _| | __| |   \ 
   | |   | _|  \__ \   | |     \__ \   | |    / _ \  |   /   | |   | _|  | |) |
   |_|   |___| |___/   |_|     |___/   |_|   /_/ \_\ |_|_\   |_|   |___| |___/ 

Put Negative Case - As admin user have be able to update put user with id not found, shouldn't be access(user;put-negative-case---as-admin-user-have-be-able-to-update-put-user-with-id-not-found--shouldn-t-be-access)
--------------------------------------------------------------------------------
20:42:09.850 [pool-2-thread-1] DEBUG net.thucydides.core.steps.StepInterceptor - STARTING STEP: UserStepsFailed.userIdPutNotFound - user set PUT endpoints invalid userid not found is failed
20:42:09.850 [pool-2-thread-1] DEBUG net.thucydides.core.steps.StepInterceptor - STEP DONE: user set PUT endpoints invalid userid not found is failed
  &amp#27;[32mGiven &amp#27;[0m&amp#27;[32muser set PUT endpoints invalid userid not found is failed&amp#27;[0m                                                  &amp#27;[90m# starter.stepdefinitions.UserStepsFailed.userIdPutNotFound()&amp#27;[0m
20:42:09.852 [pool-2-thread-1] DEBUG net.thucydides.core.steps.StepInterceptor - STARTING STEP: UserStepsFailed.sendUserPutIdNotFound - user send PUT HTTP request update userid not found is failed
20:42:09.853 [pool-2-thread-1] DEBUG net.thucydides.core.steps.StepInterceptor - STARTING STEP: PutFailed.sendPutUserIdNotFound - user set PUT endpoints invalid userid not found is failed
20:42:09.853 [pool-2-thread-1] DEBUG net.thucydides.core.steps.StepInterceptor - STEP DONE: user set PUT endpoints invalid userid not found is failed
20:42:10.785 [pool-2-thread-1] DEBUG net.thucydides.core.steps.StepInterceptor - STEP DONE: user send PUT HTTP request update userid not found is failed
  &amp#27;[32mWhen &amp#27;[0m&amp#27;[32muser send PUT HTTP request update userid not found is failed&amp#27;[0m                                                &amp#27;[90m# starter.stepdefinitions.UserStepsFailed.sendUserPutIdNotFound()&amp#27;[0m
20:42:10.787 [pool-2-thread-1] DEBUG net.thucydides.core.steps.StepInterceptor - STARTING STEP: UserStepsFailed.getHttpRequest500 - user receive internal server error HTTP response code 500 is failed
20:42:10.788 [pool-2-thread-1] DEBUG net.thucydides.core.steps.StepInterceptor - STEP DONE: user receive internal server error HTTP response code 500 is failed
  &amp#27;[32mThen &amp#27;[0m&amp#27;[32muser receive internal server error HTTP response code 500 is failed&amp#27;[0m                                         &amp#27;[90m# starter.stepdefinitions.UserStepsFailed.getHttpRequest500()&amp#27;[0m
20:42:10.790 [pool-2-thread-1] INFO  - 
  _____   ___   ___   _____     ___     _     ___   ___   ___   ___  
 |_   _| | __| / __| |_   _|   | _ \   /_\   / __| / __| | __| |   \ 
   | |   | _|  \__ \   | |     |  _/  / _ \  \__ \ \__ \ | _|  | |) |
   |_|   |___| |___/   |_|     |_|   /_/ \_\ |___/ |___/ |___| |___/ 

Put Negative Case - As admin user have be able to update put user with id not found, shouldn't be access
----------------------------------------------------------------------
]]></system-out>
  </testcase>
  <testcase name="Put Negative Case - As admin user have be able to update put user with id not found, shouldn&apos;t be access #2" classname="User #2" time="0.66">
    <system-out><![CDATA[
Scenario: Put Negative Case - As admin user have be able to update put user with id not found, shouldn't be access &amp#27;[90m# src/test/resources/api/user-failed.feature:29&amp#27;[0m
20:42:10.794 [pool-2-thread-1] INFO io.cucumber.core.plugin.SerenityReporter - Running feature from file:///Users/jasmine/Downloads/alterra-restAssured/src/test/resources/api/user-failed.feature
20:42:10.794 [pool-2-thread-1] WARN io.cucumber.core.plugin.SerenityReporter - Feature from file:///Users/jasmine/Downloads/alterra-restAssured/src/test/resources/api/user-failed.feature is not under the 'features' directory. Requirements report will not be correctly generated!
20:42:10.801 [pool-2-thread-1] DEBUG net.thucydides.core.steps.StepInterceptor - STARTING STEP: UserStepsFailed.userIdPutNotFound - user set PUT endpoints invalid userid not found is failed
20:42:10.801 [pool-2-thread-1] DEBUG net.thucydides.core.steps.StepInterceptor - STEP DONE: user set PUT endpoints invalid userid not found is failed
  &amp#27;[32mGiven &amp#27;[0m&amp#27;[32muser set PUT endpoints invalid userid not found is failed&amp#27;[0m                                                  &amp#27;[90m# starter.stepdefinitions.UserStepsFailed.userIdPutNotFound()&amp#27;[0m
20:42:10.803 [pool-2-thread-1] DEBUG net.thucydides.core.steps.StepInterceptor - STARTING STEP: UserStepsFailed.sendUserPutIdNotFound - user send PUT HTTP request update userid not found is failed
20:42:10.804 [pool-2-thread-1] DEBUG net.thucydides.core.steps.StepInterceptor - STARTING STEP: PutFailed.sendPutUserIdNotFound - user set PUT endpoints invalid userid not found is failed
20:42:10.804 [pool-2-thread-1] DEBUG net.thucydides.core.steps.StepInterceptor - STEP DONE: user set PUT endpoints invalid userid not found is failed
20:42:11.446 [pool-2-thread-1] DEBUG net.thucydides.core.steps.StepInterceptor - STEP DONE: user send PUT HTTP request update userid not found is failed
  &amp#27;[32mWhen &amp#27;[0m&amp#27;[32muser send PUT HTTP request update userid not found is failed&amp#27;[0m                                                &amp#27;[90m# starter.stepdefinitions.UserStepsFailed.sendUserPutIdNotFound()&amp#27;[0m
20:42:11.449 [pool-2-thread-1] DEBUG net.thucydides.core.steps.StepInterceptor - STARTING STEP: UserStepsFailed.getHttpRequest500 - user receive internal server error HTTP response code 500 is failed
20:42:11.449 [pool-2-thread-1] DEBUG net.thucydides.core.steps.StepInterceptor - STEP DONE: user receive internal server error HTTP response code 500 is failed
  &amp#27;[32mThen &amp#27;[0m&amp#27;[32muser receive internal server error HTTP response code 500 is failed&amp#27;[0m                                         &amp#27;[90m# starter.stepdefinitions.UserStepsFailed.getHttpRequest500()&amp#27;[0m
20:42:11.450 [pool-2-thread-1] INFO  - 
  _____   ___   ___   _____     ___     _     ___   ___   ___   ___  
 |_   _| | __| / __| |_   _|   | _ \   /_\   / __| / __| | __| |   \ 
   | |   | _|  \__ \   | |     |  _/  / _ \  \__ \ \__ \ | _|  | |) |
   |_|   |___| |___/   |_|     |_|   /_/ \_\ |___/ |___/ |___| |___/ 

Put Negative Case - As admin user have be able to update put user with id not found, shouldn't be access
----------------------------------------------------------------------
]]></system-out>
  </testcase>
  <testcase name="Delete Negative Case - As admin user have be able to delete user with with url invalid, shouldn&apos;t be access" classname="User #2" time="0.683">
    <system-out><![CDATA[
Scenario: Delete Negative Case - As admin user have be able to delete user with with url invalid, shouldn't be access &amp#27;[90m# src/test/resources/api/user-failed.feature:34&amp#27;[0m
20:42:11.453 [pool-2-thread-1] INFO io.cucumber.core.plugin.SerenityReporter - Running feature from file:///Users/jasmine/Downloads/alterra-restAssured/src/test/resources/api/user-failed.feature
20:42:11.454 [pool-2-thread-1] WARN io.cucumber.core.plugin.SerenityReporter - Feature from file:///Users/jasmine/Downloads/alterra-restAssured/src/test/resources/api/user-failed.feature is not under the 'features' directory. Requirements report will not be correctly generated!
20:42:11.455 [pool-2-thread-1] INFO  - 
  _____   ___   ___   _____     ___   _____     _     ___   _____   ___   ___  
 |_   _| | __| / __| |_   _|   / __| |_   _|   /_\   | _ \ |_   _| | __| |   \ 
   | |   | _|  \__ \   | |     \__ \   | |    / _ \  |   /   | |   | _|  | |) |
   |_|   |___| |___/   |_|     |___/   |_|   /_/ \_\ |_|_\   |_|   |___| |___/ 

Delete Negative Case - As admin user have be able to delete user with with url invalid, shouldn't be access(user;delete-negative-case---as-admin-user-have-be-able-to-delete-user-with-with-url-invalid--shouldn-t-be-access)
--------------------------------------------------------------------------------
20:42:11.461 [pool-2-thread-1] DEBUG net.thucydides.core.steps.StepInterceptor - STARTING STEP: UserStepsFailed.setDeleteInvalidUrl - user set DELETE endpoints invalid url is failed
20:42:11.461 [pool-2-thread-1] DEBUG net.thucydides.core.steps.StepInterceptor - STEP DONE: user set DELETE endpoints invalid url is failed
  &amp#27;[32mGiven &amp#27;[0m&amp#27;[32muser set DELETE endpoints invalid url is failed&amp#27;[0m                                                               &amp#27;[90m# starter.stepdefinitions.UserStepsFailed.setDeleteInvalidUrl()&amp#27;[0m
20:42:11.463 [pool-2-thread-1] DEBUG net.thucydides.core.steps.StepInterceptor - STARTING STEP: UserStepsFailed.sendDeleteURLInvalid - user send DELETE HTTP request invalid url is failed
20:42:11.471 [pool-2-thread-1] DEBUG net.thucydides.core.steps.StepInterceptor - STARTING STEP: DeleteFailed.sendDELETEInvalidURL - user set DELETE endpoints invalid url is failed
20:42:11.471 [pool-2-thread-1] DEBUG net.thucydides.core.steps.StepInterceptor - STEP DONE: user set DELETE endpoints invalid url is failed
20:42:12.128 [pool-2-thread-1] DEBUG net.thucydides.core.steps.StepInterceptor - STEP DONE: user send DELETE HTTP request invalid url is failed
  &amp#27;[32mWhen &amp#27;[0m&amp#27;[32muser send DELETE HTTP request invalid url is failed&amp#27;[0m                                                            &amp#27;[90m# starter.stepdefinitions.UserStepsFailed.sendDeleteURLInvalid()&amp#27;[0m
20:42:12.131 [pool-2-thread-1] DEBUG net.thucydides.core.steps.StepInterceptor - STARTING STEP: UserStepsFailed.getRequestCodeMethodDelete - user receive response HTTP response code 404 method DELETE is failed
20:42:12.132 [pool-2-thread-1] DEBUG net.thucydides.core.steps.StepInterceptor - STEP DONE: user receive response HTTP response code 404 method DELETE is failed
  &amp#27;[32mThen &amp#27;[0m&amp#27;[32muser receive response HTTP response code 404 method DELETE is failed&amp#27;[0m                                           &amp#27;[90m# starter.stepdefinitions.UserStepsFailed.getRequestCodeMethodDelete()&amp#27;[0m
20:42:12.134 [pool-2-thread-1] INFO  - 
  _____   ___   ___   _____     ___     _     ___   ___   ___   ___  
 |_   _| | __| / __| |_   _|   | _ \   /_\   / __| / __| | __| |   \ 
   | |   | _|  \__ \   | |     |  _/  / _ \  \__ \ \__ \ | _|  | |) |
   |_|   |___| |___/   |_|     |_|   /_/ \_\ |___/ |___/ |___| |___/ 

Delete Negative Case - As admin user have be able to delete user with with url invalid, shouldn't be access
----------------------------------------------------------------------
]]></system-out>
  </testcase>
</testsuite>