<?xml version="1.0" encoding="UTF-8"?><testsuite errors="0" failures="0" name="User" skipped="0" tests="5" time="6.99" timestamp="2023-04-16 09:06:55"><testcase name="GET - As admin I have be able to get detail user"/><testcase name="GET - As admin I have be able to get list user"/><testcase name="POST - As admin I have be able to create new user"/><testcase name="PUT - As admin i have be able to update existing user"/><testcase name="DELETE - As admin i have be able to delete existing user"/></testsuite>