<?xml version="1.0" encoding="UTF-8"?><testsuite errors="0" failures="0" name="User" skipped="0" tests="10" time="10.7" timestamp="2023-04-14 08:42:01"><testcase name="GET - As admin I have be able to get detail user"/><testcase name="GET - As admin I have be able to get list user"/><testcase name="POST - As admin I have be able to create new user"/><testcase name="PUT - As admin i have be able to update existing user"/><testcase name="DELETE - As admin i have be able to delete existing user"/><testcase name="GET Negative Case - As admin user have be able to get list user, but can't be access"/><testcase name="Get Negative Case - As admin user have be able to get detail user, but can't be access"/><testcase name="Post Negative Case - As admin user have be able to submit post user with url invalid, shouldn't be access"/><testcase name="Put Negative Case - As admin user have be able to update put user with id not found, shouldn't be access"/><testcase name="Delete Negative Case - As admin user have be able to delete user with with url invalid, shouldn't be access"/></testsuite>